#
# There is insufficient memory for the Java Runtime Environment to continue.
# Native memory allocation (malloc) failed to allocate 34576 bytes for Chunk::new
# Possible reasons:
#   The system is out of physical RAM or swap space
#   In 32 bit mode, the process size limit was hit
# Possible solutions:
#   Reduce memory load on the system
#   Increase physical memory or swap space
#   Check if swap backing store is full
#   Use 64 bit Java on a 64 bit OS
#   Decrease Java heap size (-Xmx/-Xms)
#   Decrease number of Java threads
#   Decrease Java thread stack sizes (-Xss)
#   Set larger code cache with -XX:ReservedCodeCacheSize=
# This output file may be truncated or incomplete.
#
#  Out of Memory Error (allocation.cpp:390), pid=8312, tid=2072
#
# JRE version: Java(TM) SE Runtime Environment (8.0_51-b16) (build 1.8.0_51-b16)
# Java VM: Java HotSpot(TM) 64-Bit Server VM (25.51-b03 mixed mode windows-amd64 compressed oops)
# Failed to write core dump. Minidumps are not enabled by default on client versions of Windows
#

---------------  T H R E A D  ---------------

Current thread (0x0000000014931000):  JavaThread "C2 CompilerThread1" daemon [_thread_in_native, id=2072, stack(0x0000000015f30000,0x0000000016030000)]

Stack: [0x0000000015f30000,0x0000000016030000]
[error occurred during error reporting (printing stack bounds), id 0xc0000005]

Native frames: (J=compiled Java code, j=interpreted, Vv=VM code, C=native code)
V  [jvm.dll+0x32b4ca]


Current CompileTask:
C2:   1432  627       4       java.util.HashMap::get (23 bytes)


---------------  P R O C E S S  ---------------

Java Threads: ( => current thread )
  0x000000001603f800 JavaThread "Service Thread" daemon [_thread_blocked, id=9800, stack(0x0000000016530000,0x0000000016630000)]
  0x0000000016038800 JavaThread "C1 CompilerThread2" daemon [_thread_in_native, id=7016, stack(0x0000000016430000,0x0000000016530000)]
=>0x0000000014931000 JavaThread "C2 CompilerThread1" daemon [_thread_in_native, id=2072, stack(0x0000000015f30000,0x0000000016030000)]
  0x00000000148e1000 JavaThread "C2 CompilerThread0" daemon [_thread_in_vm, id=7824, stack(0x0000000015e30000,0x0000000015f30000)]
  0x00000000148dc000 JavaThread "Attach Listener" daemon [_thread_blocked, id=10136, stack(0x0000000015d30000,0x0000000015e30000)]
  0x00000000148da800 JavaThread "Signal Dispatcher" daemon [_thread_blocked, id=32, stack(0x0000000015c30000,0x0000000015d30000)]
  0x0000000002201000 JavaThread "Finalizer" daemon [_thread_blocked, id=6352, stack(0x0000000015b30000,0x0000000015c30000)]
  0x00000000021fe000 JavaThread "Reference Handler" daemon [_thread_blocked, id=5252, stack(0x0000000015a30000,0x0000000015b30000)]
  0x0000000001fad800 JavaThread "main" [_thread_in_Java, id=3132, stack(0x0000000002010000,0x0000000002110000)]

Other Threads:
  0x00000000148a7800 VMThread [stack: 0x0000000015930000,0x0000000015a30000] [id=8040]
  0x0000000016041000 WatcherThread [stack: 0x0000000016630000,0x0000000016730000] [id=7368]

VM state:not at safepoint (normal execution)

VM Mutex/Monitor currently owned by a thread: None

Heap:
 PSYoungGen      total 37888K, used 10497K [0x00000000eab00000, 0x00000000ed500000, 0x0000000100000000)
  eden space 32768K, 32% used [0x00000000eab00000,0x00000000eb540770,0x00000000ecb00000)
  from space 5120K, 0% used [0x00000000ed000000,0x00000000ed000000,0x00000000ed500000)
  to   space 5120K, 0% used [0x00000000ecb00000,0x00000000ecb00000,0x00000000ed000000)
 ParOldGen       total 86016K, used 0K [0x00000000c0000000, 0x00000000c5400000, 0x00000000eab00000)
  object space 86016K, 0% used [0x00000000c0000000,0x00000000c0000000,0x00000000c5400000)
 Metaspace       used 5159K, capacity 6448K, committed 6528K, reserved 1056768K
  class space    used 544K, capacity 616K, committed 640K, reserved 1048576K

Card table byte_map: [0x00000000115d0000,0x00000000117e0000] byte_map_base: 0x0000000010fd0000

Marking Bits: (ParMarkBitMap*) 0x000000006e7e4040
 Begin Bits: [0x0000000011d40000, 0x0000000012d40000)
 End Bits:   [0x0000000012d40000, 0x0000000013d40000)

Polling page: 0x0000000001f80000

CodeCache: size=245760Kb used=2471Kb max_used=2482Kb free=243288Kb
 bounds [0x0000000002210000, 0x0000000002480000, 0x0000000011210000]
 total_blobs=885 nmethods=620 adapters=178
 compilation: enabled

Compilation events (10 events):
Event: 1.375 Thread 0x0000000016038800  618       3       com.android.dx.ssa.SsaRenamer$BlockRenamer::visitNonMoveInsn (14 bytes)
Event: 1.375 Thread 0x0000000016038800 nmethod 618 0x0000000002471f90 code [0x0000000002472100, 0x0000000002472378]
Event: 1.375 Thread 0x0000000016038800  619       3       com.android.dx.ssa.back.FirstFitLocalCombiningAllocator$1::processInsn (169 bytes)
Event: 1.378 Thread 0x0000000016038800 nmethod 619 0x0000000002476f10 code [0x00000000024772e0, 0x0000000002479868]
Event: 1.378 Thread 0x0000000016038800  623       3       com.android.dx.rop.code.BasicBlockList$RegCountVisitor::visitPlainInsn (6 bytes)
Event: 1.378 Thread 0x0000000016038800 nmethod 623 0x0000000002471c10 code [0x0000000002471d80, 0x0000000002471f08]
Event: 1.378 Thread 0x0000000016038800  624       3       com.android.dx.ssa.Dominators::eval (29 bytes)
Event: 1.378 Thread 0x0000000016038800 nmethod 624 0x0000000002471690 code [0x0000000002471800, 0x0000000002471aa8]
Event: 1.378 Thread 0x0000000016038800  621   !   3       com.android.dx.cf.code.BytecodeArray::parseInstruction (2764 bytes)
Event: 1.381 Thread 0x0000000014931000  627       4       java.util.HashMap::get (23 bytes)

GC Heap History (0 events):
No events

Deoptimization events (0 events):
No events

Internal exceptions (2 events):
Event: 0.054 Thread 0x0000000001fad800 Exception <a 'java/lang/NoSuchMethodError': Method sun.misc.Unsafe.defineClass(Ljava/lang/String;[BII)Ljava/lang/Class; name or signature does not match> (0x00000000eab12f58) thrown at [C:\re\workspace\8-2-build-windows-amd64-cygwin\jdk8u51\3951\hotspot\srýMé"÷Ÿ«?
Event: 0.054 Thread 0x0000000001fad800 Exception <a 'java/lang/NoSuchMethodError': Method sun.misc.Unsafe.prefetchRead(Ljava/lang/Object;J)V name or signature does not match> (0x00000000eab131e8) thrown at [C:\re\workspace\8-2-build-windows-amd64-cygwin\jdk8u51\3951\hotspot\src\share\vm\prims\j

Events (10 events):
Event: 1.105 loading class com/android/dx/dex/file/FieldIdItem
Event: 1.105 loading class com/android/dx/dex/file/FieldIdItem done
Event: 1.148 loading class com/android/dx/ssa/PhiInsn$Operand
Event: 1.148 loading class com/android/dx/ssa/PhiInsn$Operand done
Event: 1.162 loading class com/android/dx/ssa/back/FirstFitLocalCombiningAllocator$Multiset
Event: 1.162 loading class com/android/dx/ssa/back/FirstFitLocalCombiningAllocator$Multiset done
Event: 1.180 loading class com/android/dx/cf/attrib/AttSignature
Event: 1.180 loading class com/android/dx/cf/attrib/AttSignature done
Event: 1.189 loading class com/android/dx/dex/file/FieldAnnotationStruct
Event: 1.189 loading class com/android/dx/dex/file/FieldAnnotationStruct done


Dynamic libraries:
0x00007ff785490000 - 0x00007ff7854c7000 	C:\Program Files\Java\jdk1.8.0_51\bin\java.exe
0x00007ffbbbb00000 - 0x00007ffbbbcc1000 	C:\WINDOWS\SYSTEM32\ntdll.dll
0x00007ffbbb5c0000 - 0x00007ffbbb66d000 	C:\WINDOWS\system32\KERNEL32.DLL
0x00007ffbb89c0000 - 0x00007ffbb8b9d000 	C:\WINDOWS\system32\KERNELBASE.dll
0x00007ffbb97a0000 - 0x00007ffbb9846000 	C:\WINDOWS\system32\ADVAPI32.dll
0x00007ffbb9230000 - 0x00007ffbb92cd000 	C:\WINDOWS\system32\msvcrt.dll
0x00007ffbb91d0000 - 0x00007ffbb922b000 	C:\WINDOWS\system32\sechost.dll
0x00007ffbb9860000 - 0x00007ffbb9986000 	C:\WINDOWS\system32\RPCRT4.dll
0x00007ffbb9dc0000 - 0x00007ffbb9f0e000 	C:\WINDOWS\system32\USER32.dll
0x00007ffbbb670000 - 0x00007ffbbb7f6000 	C:\WINDOWS\system32\GDI32.dll
0x00007ffbb3540000 - 0x00007ffbb37b4000 	C:\WINDOWS\WinSxS\amd64_microsoft.windows.common-controls_6595b64144ccf1df_6.0.10240.16384_none_f41f7b285750ef43\COMCTL32.dll
0x00007ffbb9760000 - 0x00007ffbb9796000 	C:\WINDOWS\system32\IMM32.DLL
0x00007ffbb9b40000 - 0x00007ffbb9c9c000 	C:\WINDOWS\system32\MSCTF.dll
0x00000000703c0000 - 0x0000000070492000 	C:\Program Files\Java\jdk1.8.0_51\jre\bin\msvcr100.dll
0x000000006dfe0000 - 0x000000006e863000 	C:\Program Files\Java\jdk1.8.0_51\jre\bin\server\jvm.dll
0x00007ffbb9750000 - 0x00007ffbb9758000 	C:\WINDOWS\system32\PSAPI.DLL
0x00007ffbb6390000 - 0x00007ffbb6399000 	C:\WINDOWS\SYSTEM32\WSOCK32.dll
0x00007ffba90c0000 - 0x00007ffba90e3000 	C:\WINDOWS\SYSTEM32\WINMM.dll
0x00007ffbb9ca0000 - 0x00007ffbb9d09000 	C:\WINDOWS\system32\WS2_32.dll
0x00007ffbb9850000 - 0x00007ffbb9858000 	C:\WINDOWS\system32\NSI.dll
0x00007ffbb2da0000 - 0x00007ffbb2daa000 	C:\WINDOWS\SYSTEM32\VERSION.dll
0x00007ffba9090000 - 0x00007ffba90bc000 	C:\WINDOWS\SYSTEM32\WINMMBASE.dll
0x00007ffbb88b0000 - 0x00007ffbb88f4000 	C:\WINDOWS\system32\cfgmgr32.dll
0x00007ffbb6e00000 - 0x00007ffbb6e27000 	C:\WINDOWS\SYSTEM32\DEVOBJ.dll
0x00000000703b0000 - 0x00000000703bf000 	C:\Program Files\Java\jdk1.8.0_51\jre\bin\verify.dll
0x0000000070380000 - 0x00000000703a9000 	C:\Program Files\Java\jdk1.8.0_51\jre\bin\java.dll
0x000000006dfc0000 - 0x000000006dfd6000 	C:\Program Files\Java\jdk1.8.0_51\jre\bin\zip.dll
0x00007ffbb9fd0000 - 0x00007ffbbb4f2000 	C:\WINDOWS\system32\SHELL32.dll
0x00007ffbb8ba0000 - 0x00007ffbb91c9000 	C:\WINDOWS\system32\windows.storage.dll
0x00007ffbb94c0000 - 0x00007ffbb973c000 	C:\WINDOWS\system32\combase.dll
0x00007ffbb9f10000 - 0x00007ffbb9f61000 	C:\WINDOWS\system32\shlwapi.dll
0x00007ffbb85c0000 - 0x00007ffbb85cf000 	C:\WINDOWS\system32\kernel.appcore.dll
0x00007ffbb8900000 - 0x00007ffbb89b3000 	C:\WINDOWS\system32\shcore.dll
0x00007ffbb8570000 - 0x00007ffbb85ba000 	C:\WINDOWS\system32\powrprof.dll
0x00007ffbb8550000 - 0x00007ffbb8563000 	C:\WINDOWS\system32\profapi.dll
0x00007ffb9aa60000 - 0x00007ffb9abea000 	C:\WINDOWS\SYSTEM32\dbghelp.dll

VM Arguments:
jvm_args: -Xmx1024M -Dfile.encoding=windows-1251 -Duser.country=RU -Duser.language=ru -Duser.variant 
java_command: com.android.dx.command.Main --dex --output C:\Users\Alex\ProgrammingAndroid\Developing_Android_Apps\MarvelHeroes\app\build\intermediates\pre-dexed\debug\internal_impl-22.2.1-cc1941ee91582ed88f961041aaf75d130b547f20.jar C:\Users\Alex\ProgrammingAndroid\Developing_Android_Apps\MarvelHeroes\app\build\intermediates\exploded-aar\com.android.support\support-v4\22.2.1\jars\libs\internal_impl-22.2.1.jar
java_class_path (initial): D:\Android\android-sdk\build-tools\22.0.1\lib\dx.jar
Launcher Type: SUN_STANDARD

Environment Variables:
JAVA_HOME=C:\Program Files\Java\jdk1.7.0_75
PATH=C:\ProgramData\Oracle\Java\javapath;C:\Users\Alex\algs4\java\bin;C:\Program Files (x86)\Intel\iCLS Client\;C:\Program Files\Intel\iCLS Client\;C:\WINDOWS\system32;C:\WINDOWS;C:\WINDOWS\System32\Wbem;C:\WINDOWS\System32\WindowsPowerShell\v1.0\;C:\Program Files\Intel\Intel(R) Management Engine Components\DAL;C:\Program Files\Intel\Intel(R) Management Engine Components\IPT;C:\Program Files (x86)\Intel\Intel(R) Management Engine Components\DAL;C:\Program Files (x86)\Intel\Intel(R) Management Engine Components\IPT;C:\Program Files (x86)\Intel\OpenCL SDK\2.0\bin\x86;C:\Program Files (x86)\Intel\OpenCL SDK\2.0\bin\x64;C:\Program Files\Microsoft SQL Server\120\Tools\Binn\;C:\Program Files (x86)\Windows Kits\8.1\Windows Performance Toolkit\;C:\FPC\2.6.4\bin\i386-Win32;C:\Program Files (x86)\Skype\Phone\;C:\Program Files (x86)\NVIDIA Corporation\PhysX\Common;C:\Program Files\Google\Cloud SDK\google-cloud-sdk\bin;C:\Program Files (x86)\Windows Live\Shared;C:\Program Files (x86)\Common Files\Acronis\SnapAPI\;D:\Android\android-sdk\platform-tools\;C:\WINDOWS\system32;C:\WINDOWS;C:\WINDOWS\System32\Wbem;C:\WINDOWS\System32\WindowsPowerShell\v1.0\;C:\Program Files\Microsoft SQL Server\110\Tools\Binn\;C:\Program Files (x86)\Microsoft SDKs\TypeScript\1.0\;C:\Thinking in Java\code;C:\Users\Alex\algs4\bin;C:\Users\Alex\algs4\java\bin;C:\FPC\2.6.4\bin\i386-win32;;D:\Android\android-sdk\platform-tools;D:\Android\android-sdk
USERNAME=Àëåêñåé
OS=Windows_NT
PROCESSOR_IDENTIFIER=Intel64 Family 6 Model 58 Stepping 9, GenuineIntel



---------------  S Y S T E M  ---------------

OS: Windows 10.0 , 64 bit Build 10240 (10.0.10240.16384)

CPU:total 4 (2 cores per cpu, 2 threads per core) family 6 model 58 stepping 9, cmov, cx8, fxsr, mmx, sse, sse2, sse3, ssse3, sse4.1, sse4.2, popcnt, avx, aes, clmul, erms, ht, tsc, tscinvbit, tscinv

Memory: 4k page, physical 8251156k(1852356k free), swap 10348308k(3088k free)

vm_info: Java HotSpot(TM) 64-Bit Server VM (25.51-b03) for windows-amd64 JRE (1.8.0_51-b16), built on Jun  8 2015 18:03:07 by "java_re" with MS VC++ 10.0 (VS2010)

time: Wed Aug 05 15:17:52 2015
elapsed time: 1 seconds (0d 0h 0m 1s)

