#
# There is insufficient memory for the Java Runtime Environment to continue.
# Native memory allocation (malloc) failed to allocate 283056 bytes for Chunk::new
# Possible reasons:
#   The system is out of physical RAM or swap space
#   In 32 bit mode, the process size limit was hit
# Possible solutions:
#   Reduce memory load on the system
#   Increase physical memory or swap space
#   Check if swap backing store is full
#   Use 64 bit Java on a 64 bit OS
#   Decrease Java heap size (-Xmx/-Xms)
#   Decrease number of Java threads
#   Decrease Java thread stack sizes (-Xss)
#   Set larger code cache with -XX:ReservedCodeCacheSize=
# This output file may be truncated or incomplete.
#
#  Out of Memory Error (allocation.cpp:390), pid=8104, tid=7712
#
# JRE version: Java(TM) SE Runtime Environment (8.0_51-b16) (build 1.8.0_51-b16)
# Java VM: Java HotSpot(TM) 64-Bit Server VM (25.51-b03 mixed mode windows-amd64 compressed oops)
# Failed to write core dump. Minidumps are not enabled by default on client versions of Windows
#

---------------  T H R E A D  ---------------

Current thread (0x0000000015523000):  JavaThread "C2 CompilerThread1" daemon [_thread_in_native, id=7712, stack(0x0000000016b90000,0x0000000016c90000)]

Stack: [0x0000000016b90000,0x0000000016c90000]
[error occurred during error reporting (printing stack bounds), id 0xc0000005]

Native frames: (J=compiled Java code, j=interpreted, Vv=VM code, C=native code)
V  [jvm.dll+0x32b4ca]


Current CompileTask:
C2:   1457  923   !   4       com.android.dx.rop.code.RegisterSpec::intern (70 bytes)


---------------  P R O C E S S  ---------------

Java Threads: ( => current thread )
  0x000000001557d800 JavaThread "Service Thread" daemon [_thread_blocked, id=8368, stack(0x0000000017190000,0x0000000017290000)]
  0x0000000016c98800 JavaThread "C1 CompilerThread2" daemon [_thread_blocked, id=6376, stack(0x0000000017090000,0x0000000017190000)]
=>0x0000000015523000 JavaThread "C2 CompilerThread1" daemon [_thread_in_native, id=7712, stack(0x0000000016b90000,0x0000000016c90000)]
  0x0000000015521000 JavaThread "C2 CompilerThread0" daemon [_thread_blocked, id=3640, stack(0x0000000016a90000,0x0000000016b90000)]
  0x000000001551c000 JavaThread "Attach Listener" daemon [_thread_blocked, id=5800, stack(0x0000000016990000,0x0000000016a90000)]
  0x000000001551a800 JavaThread "Signal Dispatcher" daemon [_thread_blocked, id=7032, stack(0x0000000016890000,0x0000000016990000)]
  0x0000000002e41000 JavaThread "Finalizer" daemon [_thread_blocked, id=5100, stack(0x0000000016790000,0x0000000016890000)]
  0x0000000002e3e000 JavaThread "Reference Handler" daemon [_thread_blocked, id=5816, stack(0x0000000016690000,0x0000000016790000)]
  0x0000000002aed800 JavaThread "main" [_thread_blocked, id=3712, stack(0x0000000002c50000,0x0000000002d50000)]

Other Threads:
  0x00000000154e7800 VMThread [stack: 0x0000000016590000,0x0000000016690000] [id=9104]
  0x0000000016ca1000 WatcherThread [stack: 0x0000000017290000,0x0000000017390000] [id=6340]

VM state:at safepoint (normal execution)

VM Mutex/Monitor currently owned by a thread:  ([mutex/lock_event])
[0x0000000002aed050] Threads_lock - owner thread: 0x00000000154e7800
[0x0000000002aecad0] Heap_lock - owner thread: 0x0000000016c98800
[0x0000000002d50e50] MethodData_lock - owner thread: 0x0000000016c98800

Heap:
 PSYoungGen      total 37888K, used 14045K [0x00000000eab00000, 0x00000000ed500000, 0x0000000100000000)
  eden space 32768K, 42% used [0x00000000eab00000,0x00000000eb8b7440,0x00000000ecb00000)
  from space 5120K, 0% used [0x00000000ed000000,0x00000000ed000000,0x00000000ed500000)
  to   space 5120K, 43% used [0x00000000ecb00000,0x00000000ecd26a98,0x00000000ed000000)
 ParOldGen       total 86016K, used 16K [0x00000000c0000000, 0x00000000c5400000, 0x00000000eab00000)
  object space 86016K, 0% used [0x00000000c0000000,0x00000000c0004000,0x00000000c5400000)
 Metaspace       used 5465K, capacity 6704K, committed 6784K, reserved 1060864K
  class space    used 551K, capacity 616K, committed 640K, reserved 1048576K

Card table byte_map: [0x0000000012210000,0x0000000012420000] byte_map_base: 0x0000000011c10000

Marking Bits: (ParMarkBitMap*) 0x000000006e7e4040
 Begin Bits: [0x0000000012980000, 0x0000000013980000)
 End Bits:   [0x0000000013980000, 0x0000000014980000)

Polling page: 0x0000000002a80000

CodeCache: size=245760Kb used=3864Kb max_used=3864Kb free=241895Kb
 bounds [0x0000000002e50000, 0x0000000003220000, 0x0000000011e50000]
 total_blobs=1200 nmethods=935 adapters=178
 compilation: enabled

Compilation events (10 events):
Event: 1.437 Thread 0x0000000015521000 nmethod 922 0x000000000320c590 code [0x000000000320c700, 0x000000000320c948]
Event: 1.437 Thread 0x0000000015521000  924       4       com.android.dx.rop.code.RegisterSpec::equals (51 bytes)
Event: 1.437 Thread 0x0000000016c98800 nmethod 925 0x000000000320c2d0 code [0x000000000320c420, 0x000000000320c530]
Event: 1.438 Thread 0x0000000016c98800  927       3       com.android.dx.dex.code.RopTranslator$TranslationVisitor::getNextMoveResultPseudo (55 bytes)
Event: 1.439 Thread 0x0000000016c98800 nmethod 927 0x0000000003214710 code [0x00000000032148c0, 0x00000000032151b8]
Event: 1.439 Thread 0x0000000016c98800  928       3       com.android.dx.dex.code.RopTranslator::access$600 (6 bytes)
Event: 1.439 Thread 0x0000000016c98800 nmethod 928 0x0000000003214390 code [0x0000000003214500, 0x0000000003214668]
Event: 1.440 Thread 0x0000000015521000 nmethod 924 0x0000000003215410 code [0x0000000003215560, 0x00000000032158b8]
Event: 1.440 Thread 0x0000000015521000  926  s    4       java.util.Vector::add (39 bytes)
Event: 1.443 Thread 0x0000000015521000 nmethod 926 0x0000000003215bd0 code [0x0000000003215d20, 0x00000000032160e8]

GC Heap History (0 events):
No events

Deoptimization events (1 events):
Event: 0.912 Thread 0x0000000002aed800 Uncommon trap: reason=unstable_if action=reinterpret pc=0x000000000306379c method=java.util.HashMap.getNode(ILjava/lang/Object;)Ljava/util/HashMap$Node; @ 129

Internal exceptions (2 events):
Event: 0.047 Thread 0x0000000002aed800 Exception <a 'java/lang/NoSuchMethodError': Method sun.misc.Unsafe.defineClass(Ljava/lang/String;[BII)Ljava/lang/Class; name or signature does not match> (0x00000000eab12f58) thrown at [C:\re\workspace\8-2-build-windows-amd64-cygwin\jdk8u51\3951\hotspot\sr Â82®?
Event: 0.047 Thread 0x0000000002aed800 Exception <a 'java/lang/NoSuchMethodError': Method sun.misc.Unsafe.prefetchRead(Ljava/lang/Object;J)V name or signature does not match> (0x00000000eab131e8) thrown at [C:\re\workspace\8-2-build-windows-amd64-cygwin\jdk8u51\3951\hotspot\src\share\vm\prims\j

Events (10 events):
Event: 1.183 loading class com/android/dx/dex/file/FieldAnnotationStruct
Event: 1.183 loading class com/android/dx/dex/file/FieldAnnotationStruct done
Event: 1.198 loading class java/util/ArrayList$1
Event: 1.198 loading class java/util/ArrayList$1 done
Event: 1.211 loading class com/android/dx/cf/attrib/AttRuntimeInvisibleAnnotations
Event: 1.211 loading class com/android/dx/cf/attrib/AttRuntimeInvisibleAnnotations done
Event: 1.212 loading class com/android/dx/cf/attrib/BaseAnnotations
Event: 1.212 loading class com/android/dx/cf/attrib/BaseAnnotations done
Event: 1.218 Executing VM operation: ForceSafepoint
Event: 1.218 Executing VM operation: ForceSafepoint done


Dynamic libraries:
0x00007ff785490000 - 0x00007ff7854c7000 	C:\Program Files\Java\jdk1.8.0_51\bin\java.exe
0x00007ffbbbb00000 - 0x00007ffbbbcc1000 	C:\WINDOWS\SYSTEM32\ntdll.dll
0x00007ffbbb5c0000 - 0x00007ffbbb66d000 	C:\WINDOWS\system32\KERNEL32.DLL
0x00007ffbb89c0000 - 0x00007ffbb8b9d000 	C:\WINDOWS\system32\KERNELBASE.dll
0x00007ffbb97a0000 - 0x00007ffbb9846000 	C:\WINDOWS\system32\ADVAPI32.dll
0x00007ffbb9230000 - 0x00007ffbb92cd000 	C:\WINDOWS\system32\msvcrt.dll
0x00007ffbb91d0000 - 0x00007ffbb922b000 	C:\WINDOWS\system32\sechost.dll
0x00007ffbb9860000 - 0x00007ffbb9986000 	C:\WINDOWS\system32\RPCRT4.dll
0x00007ffbb9dc0000 - 0x00007ffbb9f0e000 	C:\WINDOWS\system32\USER32.dll
0x00007ffbbb670000 - 0x00007ffbbb7f6000 	C:\WINDOWS\system32\GDI32.dll
0x00007ffbb3540000 - 0x00007ffbb37b4000 	C:\WINDOWS\WinSxS\amd64_microsoft.windows.common-controls_6595b64144ccf1df_6.0.10240.16384_none_f41f7b285750ef43\COMCTL32.dll
0x00007ffbb9760000 - 0x00007ffbb9796000 	C:\WINDOWS\system32\IMM32.DLL
0x00007ffbb9b40000 - 0x00007ffbb9c9c000 	C:\WINDOWS\system32\MSCTF.dll
0x00000000703c0000 - 0x0000000070492000 	C:\Program Files\Java\jdk1.8.0_51\jre\bin\msvcr100.dll
0x000000006dfe0000 - 0x000000006e863000 	C:\Program Files\Java\jdk1.8.0_51\jre\bin\server\jvm.dll
0x00007ffbb9750000 - 0x00007ffbb9758000 	C:\WINDOWS\system32\PSAPI.DLL
0x00007ffbb6390000 - 0x00007ffbb6399000 	C:\WINDOWS\SYSTEM32\WSOCK32.dll
0x00007ffbb9ca0000 - 0x00007ffbb9d09000 	C:\WINDOWS\system32\WS2_32.dll
0x00007ffbb9850000 - 0x00007ffbb9858000 	C:\WINDOWS\system32\NSI.dll
0x00007ffba90c0000 - 0x00007ffba90e3000 	C:\WINDOWS\SYSTEM32\WINMM.dll
0x00007ffbb2da0000 - 0x00007ffbb2daa000 	C:\WINDOWS\SYSTEM32\VERSION.dll
0x00007ffba9090000 - 0x00007ffba90bc000 	C:\WINDOWS\SYSTEM32\WINMMBASE.dll
0x00007ffbb88b0000 - 0x00007ffbb88f4000 	C:\WINDOWS\system32\cfgmgr32.dll
0x00007ffbb6e00000 - 0x00007ffbb6e27000 	C:\WINDOWS\SYSTEM32\DEVOBJ.dll
0x00000000703b0000 - 0x00000000703bf000 	C:\Program Files\Java\jdk1.8.0_51\jre\bin\verify.dll
0x0000000070380000 - 0x00000000703a9000 	C:\Program Files\Java\jdk1.8.0_51\jre\bin\java.dll
0x000000006dfc0000 - 0x000000006dfd6000 	C:\Program Files\Java\jdk1.8.0_51\jre\bin\zip.dll
0x00007ffbb9fd0000 - 0x00007ffbbb4f2000 	C:\WINDOWS\system32\SHELL32.dll
0x00007ffbb8ba0000 - 0x00007ffbb91c9000 	C:\WINDOWS\system32\windows.storage.dll
0x00007ffbb94c0000 - 0x00007ffbb973c000 	C:\WINDOWS\system32\combase.dll
0x00007ffbb9f10000 - 0x00007ffbb9f61000 	C:\WINDOWS\system32\shlwapi.dll
0x00007ffbb85c0000 - 0x00007ffbb85cf000 	C:\WINDOWS\system32\kernel.appcore.dll
0x00007ffbb8900000 - 0x00007ffbb89b3000 	C:\WINDOWS\system32\shcore.dll
0x00007ffbb8570000 - 0x00007ffbb85ba000 	C:\WINDOWS\system32\powrprof.dll
0x00007ffbb8550000 - 0x00007ffbb8563000 	C:\WINDOWS\system32\profapi.dll

VM Arguments:
jvm_args: -Xmx1024M -Dfile.encoding=windows-1251 -Duser.country=RU -Duser.language=ru -Duser.variant 
java_command: com.android.dx.command.Main --dex --output C:\Users\Alex\ProgrammingAndroid\Developing_Android_Apps\MarvelHeroes\app\build\intermediates\pre-dexed\debug\classes-d71d72bfdf0cd46e3f77bbf8398baedacb9eb8ba.jar C:\Users\Alex\ProgrammingAndroid\Developing_Android_Apps\MarvelHeroes\app\build\intermediates\exploded-aar\com.facebook.fresco\imagepipeline\0.6.0\jars\classes.jar
java_class_path (initial): D:\Android\android-sdk\build-tools\22.0.1\lib\dx.jar
Launcher Type: SUN_STANDARD

Environment Variables:
JAVA_HOME=C:\Program Files\Java\jdk1.7.0_75
PATH=C:\ProgramData\Oracle\Java\javapath;C:\Users\Alex\algs4\java\bin;C:\Program Files (x86)\Intel\iCLS Client\;C:\Program Files\Intel\iCLS Client\;C:\WINDOWS\system32;C:\WINDOWS;C:\WINDOWS\System32\Wbem;C:\WINDOWS\System32\WindowsPowerShell\v1.0\;C:\Program Files\Intel\Intel(R) Management Engine Components\DAL;C:\Program Files\Intel\Intel(R) Management Engine Components\IPT;C:\Program Files (x86)\Intel\Intel(R) Management Engine Components\DAL;C:\Program Files (x86)\Intel\Intel(R) Management Engine Components\IPT;C:\Program Files (x86)\Intel\OpenCL SDK\2.0\bin\x86;C:\Program Files (x86)\Intel\OpenCL SDK\2.0\bin\x64;C:\Program Files\Microsoft SQL Server\120\Tools\Binn\;C:\Program Files (x86)\Windows Kits\8.1\Windows Performance Toolkit\;C:\FPC\2.6.4\bin\i386-Win32;C:\Program Files (x86)\Skype\Phone\;C:\Program Files (x86)\NVIDIA Corporation\PhysX\Common;C:\Program Files\Google\Cloud SDK\google-cloud-sdk\bin;C:\Program Files (x86)\Windows Live\Shared;C:\Program Files (x86)\Common Files\Acronis\SnapAPI\;D:\Android\android-sdk\platform-tools\;C:\WINDOWS\system32;C:\WINDOWS;C:\WINDOWS\System32\Wbem;C:\WINDOWS\System32\WindowsPowerShell\v1.0\;C:\Program Files\Microsoft SQL Server\110\Tools\Binn\;C:\Program Files (x86)\Microsoft SDKs\TypeScript\1.0\;C:\Thinking in Java\code;C:\Users\Alex\algs4\bin;C:\Users\Alex\algs4\java\bin;C:\FPC\2.6.4\bin\i386-win32;;D:\Android\android-sdk\platform-tools;D:\Android\android-sdk
USERNAME=¿ÎÂÍÒÂÈ
OS=Windows_NT
PROCESSOR_IDENTIFIER=Intel64 Family 6 Model 58 Stepping 9, GenuineIntel



---------------  S Y S T E M  ---------------

OS: Windows 10.0 , 64 bit Build 10240 (10.0.10240.16384)

CPU:total 4 (2 cores per cpu, 2 threads per core) family 6 model 58 stepping 9, cmov, cx8, fxsr, mmx, sse, sse2, sse3, ssse3, sse4.1, sse4.2, popcnt, avx, aes, clmul, erms, ht, tsc, tscinvbit, tscinv

Memory: 4k page, physical 8251156k(1851544k free), swap 10348308k(3084k free)

vm_info: Java HotSpot(TM) 64-Bit Server VM (25.51-b03) for windows-amd64 JRE (1.8.0_51-b16), built on Jun  8 2015 18:03:07 by "java_re" with MS VC++ 10.0 (VS2010)

time: Wed Aug 05 15:17:52 2015
elapsed time: 1 seconds (0d 0h 0m 1s)

