#
# There is insufficient memory for the Java Runtime Environment to continue.
# Native memory allocation (malloc) failed to allocate 40480 bytes for Chunk::new
# Possible reasons:
#   The system is out of physical RAM or swap space
#   In 32 bit mode, the process size limit was hit
# Possible solutions:
#   Reduce memory load on the system
#   Increase physical memory or swap space
#   Check if swap backing store is full
#   Use 64 bit Java on a 64 bit OS
#   Decrease Java heap size (-Xmx/-Xms)
#   Decrease number of Java threads
#   Decrease Java thread stack sizes (-Xss)
#   Set larger code cache with -XX:ReservedCodeCacheSize=
# This output file may be truncated or incomplete.
#
#  Out of Memory Error (allocation.cpp:390), pid=32, tid=9456
#
# JRE version: Java(TM) SE Runtime Environment (8.0_51-b16) (build 1.8.0_51-b16)
# Java VM: Java HotSpot(TM) 64-Bit Server VM (25.51-b03 mixed mode windows-amd64 compressed oops)
# Failed to write core dump. Minidumps are not enabled by default on client versions of Windows
#

---------------  T H R E A D  ---------------

Current thread (0x0000000015077800):  JavaThread "C1 CompilerThread2" daemon [_thread_in_native, id=9456, stack(0x00000000167e0000,0x00000000168e0000)]

Stack: [0x00000000167e0000,0x00000000168e0000]
Native frames: (J=compiled Java code, j=interpreted, Vv=VM code, C=native code)
V  [jvm.dll+0x32b4ca]


Current CompileTask:
C1:    512  446   !   3       com.android.dx.cf.code.BytecodeArray::parseInstruction (2764 bytes)


---------------  P R O C E S S  ---------------

Java Threads: ( => current thread )
  0x00000000150ce000 JavaThread "Service Thread" daemon [_thread_blocked, id=7712, stack(0x0000000016ce0000,0x0000000016de0000)]
=>0x0000000015077800 JavaThread "C1 CompilerThread2" daemon [_thread_in_native, id=9456, stack(0x00000000167e0000,0x00000000168e0000)]
  0x0000000015074000 JavaThread "C2 CompilerThread1" daemon [_thread_in_native, id=2376, stack(0x00000000166e0000,0x00000000167e0000)]
  0x0000000015072000 JavaThread "C2 CompilerThread0" daemon [_thread_in_native, id=1824, stack(0x00000000165e0000,0x00000000166e0000)]
  0x000000001506d000 JavaThread "Attach Listener" daemon [_thread_blocked, id=7980, stack(0x00000000164e0000,0x00000000165e0000)]
  0x000000001506b800 JavaThread "Signal Dispatcher" daemon [_thread_blocked, id=8200, stack(0x00000000163e0000,0x00000000164e0000)]
  0x0000000002997800 JavaThread "Finalizer" daemon [_thread_blocked, id=5788, stack(0x00000000162e0000,0x00000000163e0000)]
  0x000000000298f000 JavaThread "Reference Handler" daemon [_thread_blocked, id=5444, stack(0x00000000161e0000,0x00000000162e0000)]
  0x00000000028a2800 JavaThread "main" [_thread_in_vm, id=8752, stack(0x00000000027a0000,0x00000000028a0000)]

Other Threads:
  0x0000000015037800 VMThread [stack: 0x00000000160e0000,0x00000000161e0000] [id=4448]
  0x0000000016908800 WatcherThread [stack: 0x0000000016de0000,0x0000000016ee0000] [id=8644]

VM state:not at safepoint (normal execution)

VM Mutex/Monitor currently owned by a thread: None

Heap:
 PSYoungGen      total 37888K, used 9873K [0x00000000eab00000, 0x00000000ed500000, 0x0000000100000000)
  eden space 32768K, 30% used [0x00000000eab00000,0x00000000eb4a4538,0x00000000ecb00000)
  from space 5120K, 0% used [0x00000000ed000000,0x00000000ed000000,0x00000000ed500000)
  to   space 5120K, 0% used [0x00000000ecb00000,0x00000000ecb00000,0x00000000ed000000)
 ParOldGen       total 86016K, used 0K [0x00000000c0000000, 0x00000000c5400000, 0x00000000eab00000)
  object space 86016K, 0% used [0x00000000c0000000,0x00000000c0000000,0x00000000c5400000)
 Metaspace       used 5017K, capacity 6384K, committed 6528K, reserved 1056768K
  class space    used 539K, capacity 616K, committed 640K, reserved 1048576K

Card table byte_map: [0x0000000011d60000,0x0000000011f70000] byte_map_base: 0x0000000011760000

Marking Bits: (ParMarkBitMap*) 0x000000006e7e4040
 Begin Bits: [0x00000000124d0000, 0x00000000134d0000)
 End Bits:   [0x00000000134d0000, 0x00000000144d0000)

Polling page: 0x00000000026c0000

CodeCache: size=245760Kb used=2044Kb max_used=2055Kb free=243715Kb
 bounds [0x00000000029a0000, 0x0000000002c10000, 0x00000000119a0000]
 total_blobs=701 nmethods=437 adapters=177
 compilation: enabled

Compilation events (10 events):
Event: 0.479 Thread 0x0000000015077800 nmethod 406 0x0000000002b9de90 code [0x0000000002b9e000, 0x0000000002b9e188]
Event: 0.479 Thread 0x0000000015077800  407       3       com.android.dx.cf.iface.StdFieldList::set (7 bytes)
Event: 0.479 Thread 0x0000000015077800 nmethod 407 0x0000000002b9e250 code [0x0000000002b9e420, 0x0000000002b9ec08]
Event: 0.479 Thread 0x0000000015077800  404       3       com.android.dx.cf.attrib.AttConstantValue::<init> (71 bytes)
Event: 0.480 Thread 0x0000000015077800 nmethod 404 0x0000000002b9f1d0 code [0x0000000002b9f3a0, 0x0000000002b9fd98]
Event: 0.480 Thread 0x0000000015077800  446   !   3       com.android.dx.cf.code.BytecodeArray::parseInstruction (2764 bytes)
Event: 0.483 Thread 0x0000000015074000  459       4       java.util.ArrayList$Itr::hasNext (20 bytes)
Event: 0.484 Thread 0x0000000015074000 nmethod 459 0x0000000002b924d0 code [0x0000000002b92600, 0x0000000002b92678]
Event: 0.486 Thread 0x0000000015072000  462       4       java.util.BitSet::checkInvariants (111 bytes)
Event: 0.487 Thread 0x0000000015072000 nmethod 462 0x0000000002b404d0 code [0x0000000002b40600, 0x0000000002b40658]

GC Heap History (0 events):
No events

Deoptimization events (0 events):
No events

Internal exceptions (2 events):
Event: 0.049 Thread 0x00000000028a2800 Exception <a 'java/lang/NoSuchMethodError': Method sun.misc.Unsafe.defineClass(Ljava/lang/String;[BII)Ljava/lang/Class; name or signature does not match> (0x00000000eab12c60) thrown at [C:\re\workspace\8-2-build-windows-amd64-cygwin\jdk8u51\3951\hotspot\srMÀáuRJ©?
Event: 0.049 Thread 0x00000000028a2800 Exception <a 'java/lang/NoSuchMethodError': Method sun.misc.Unsafe.prefetchRead(Ljava/lang/Object;J)V name or signature does not match> (0x00000000eab12ef0) thrown at [C:\re\workspace\8-2-build-windows-amd64-cygwin\jdk8u51\3951\hotspot\src\share\vm\prims\j

Events (10 events):
Event: 0.416 loading class com/android/dx/dex/file/DebugInfoItem
Event: 0.416 loading class com/android/dx/dex/file/DebugInfoItem done
Event: 0.416 loading class java/io/PrintWriter
Event: 0.416 loading class java/io/PrintWriter done
Event: 0.416 loading class com/android/dx/rop/annotation/AnnotationsList
Event: 0.416 loading class com/android/dx/rop/annotation/AnnotationsList done
Event: 0.417 loading class com/android/dx/dex/file/MethodIdItem
Event: 0.417 loading class com/android/dx/dex/file/MethodIdItem done
Event: 0.476 loading class com/android/dx/cf/code/BytecodeArray$ConstantParserVisitor
Event: 0.476 loading class com/android/dx/cf/code/BytecodeArray$ConstantParserVisitor done


Dynamic libraries:
0x00007ff785490000 - 0x00007ff7854c7000 	C:\Program Files\Java\jdk1.8.0_51\bin\java.exe
0x00007ffbbbb00000 - 0x00007ffbbbcc1000 	C:\WINDOWS\SYSTEM32\ntdll.dll
0x00007ffbbb5c0000 - 0x00007ffbbb66d000 	C:\WINDOWS\system32\KERNEL32.DLL
0x00007ffbb89c0000 - 0x00007ffbb8b9d000 	C:\WINDOWS\system32\KERNELBASE.dll
0x00007ffbb97a0000 - 0x00007ffbb9846000 	C:\WINDOWS\system32\ADVAPI32.dll
0x00007ffbb9230000 - 0x00007ffbb92cd000 	C:\WINDOWS\system32\msvcrt.dll
0x00007ffbb91d0000 - 0x00007ffbb922b000 	C:\WINDOWS\system32\sechost.dll
0x00007ffbb9860000 - 0x00007ffbb9986000 	C:\WINDOWS\system32\RPCRT4.dll
0x00007ffbb9dc0000 - 0x00007ffbb9f0e000 	C:\WINDOWS\system32\USER32.dll
0x00007ffbbb670000 - 0x00007ffbbb7f6000 	C:\WINDOWS\system32\GDI32.dll
0x00007ffbb3540000 - 0x00007ffbb37b4000 	C:\WINDOWS\WinSxS\amd64_microsoft.windows.common-controls_6595b64144ccf1df_6.0.10240.16384_none_f41f7b285750ef43\COMCTL32.dll
0x00007ffbb9760000 - 0x00007ffbb9796000 	C:\WINDOWS\system32\IMM32.DLL
0x00007ffbb9b40000 - 0x00007ffbb9c9c000 	C:\WINDOWS\system32\MSCTF.dll
0x00000000703c0000 - 0x0000000070492000 	C:\Program Files\Java\jdk1.8.0_51\jre\bin\msvcr100.dll
0x000000006dfe0000 - 0x000000006e863000 	C:\Program Files\Java\jdk1.8.0_51\jre\bin\server\jvm.dll
0x00007ffbb9750000 - 0x00007ffbb9758000 	C:\WINDOWS\system32\PSAPI.DLL
0x00007ffbb6390000 - 0x00007ffbb6399000 	C:\WINDOWS\SYSTEM32\WSOCK32.dll
0x00007ffba90c0000 - 0x00007ffba90e3000 	C:\WINDOWS\SYSTEM32\WINMM.dll
0x00007ffbb9ca0000 - 0x00007ffbb9d09000 	C:\WINDOWS\system32\WS2_32.dll
0x00007ffbb9850000 - 0x00007ffbb9858000 	C:\WINDOWS\system32\NSI.dll
0x00007ffbb2da0000 - 0x00007ffbb2daa000 	C:\WINDOWS\SYSTEM32\VERSION.dll
0x00007ffba9090000 - 0x00007ffba90bc000 	C:\WINDOWS\SYSTEM32\winmmbase.dll
0x00007ffbb88b0000 - 0x00007ffbb88f4000 	C:\WINDOWS\system32\cfgmgr32.dll
0x00007ffbb6e00000 - 0x00007ffbb6e27000 	C:\WINDOWS\SYSTEM32\DEVOBJ.dll
0x00000000703b0000 - 0x00000000703bf000 	C:\Program Files\Java\jdk1.8.0_51\jre\bin\verify.dll
0x0000000070380000 - 0x00000000703a9000 	C:\Program Files\Java\jdk1.8.0_51\jre\bin\java.dll
0x000000006dfc0000 - 0x000000006dfd6000 	C:\Program Files\Java\jdk1.8.0_51\jre\bin\zip.dll
0x00007ffbb9fd0000 - 0x00007ffbbb4f2000 	C:\WINDOWS\system32\SHELL32.dll
0x00007ffbb8ba0000 - 0x00007ffbb91c9000 	C:\WINDOWS\system32\windows.storage.dll
0x00007ffbb94c0000 - 0x00007ffbb973c000 	C:\WINDOWS\system32\combase.dll
0x00007ffbb9f10000 - 0x00007ffbb9f61000 	C:\WINDOWS\system32\shlwapi.dll
0x00007ffbb85c0000 - 0x00007ffbb85cf000 	C:\WINDOWS\system32\kernel.appcore.dll
0x00007ffbb8900000 - 0x00007ffbb89b3000 	C:\WINDOWS\system32\shcore.dll
0x00007ffbb8570000 - 0x00007ffbb85ba000 	C:\WINDOWS\system32\powrprof.dll
0x00007ffbb8550000 - 0x00007ffbb8563000 	C:\WINDOWS\system32\profapi.dll

VM Arguments:
jvm_args: -Xmx1024M -Dfile.encoding=windows-1251 -Duser.country=RU -Duser.language=ru -Duser.variant 
java_command: com.android.dx.command.Main --dex --output C:\Users\Alex\ProgrammingAndroid\Developing_Android_Apps\MarvelHeroes\app\build\intermediates\dex\debug C:\Users\Alex\ProgrammingAndroid\Developing_Android_Apps\MarvelHeroes\app\build\intermediates\classes\debug C:\Users\Alex\ProgrammingAndroid\Developing_Android_Apps\MarvelHeroes\app\build\intermediates\pre-dexed\debug\support-annotations-22.2.1-b03c26d626ec785829bbbfadec068bccc5ca77c5.jar C:\Users\Alex\ProgrammingAndroid\Developing_Android_Apps\MarvelHeroes\app\build\intermediates\pre-dexed\debug\classes-1992a6e2a3829e565126bb4230826bb13d7384e7.jar C:\Users\Alex\ProgrammingAndroid\Developing_Android_Apps\MarvelHeroes\app\build\intermediates\pre-dexed\debug\bolts-android-1.2.0-4cbe1279f43ba5f4b9c89fc7a602527538b6b477.jar C:\Users\Alex\ProgrammingAndroid\Developing_Android_Apps\MarvelHeroes\app\build\intermediates\pre-dexed\debug\classes-deb041cf24d73b3c223bb1690aea66e07ad2f05e.jar C:\Users\Alex\ProgrammingAndroid\Developing_Android_Apps\MarvelHeroes\app\build\intermediates\pre-dexed\debug\classes-5ce58c63c220f258e5f8f6b3c15388b75b2c105d.jar C:\Users\Alex\ProgrammingAndroid\Developing_Android_Apps\MarvelHeroes\app\build\intermediates\pre-dexed\debug\classes-317fb90d17fb8d5b7ca2556a4b3831c1ea6c1419.jar C:\Users\Alex\ProgrammingAndroid\Developing_Android_Apps\MarvelHeroes\app\build\intermediates\pre-dexed\debug\library-2.4.0-ddfd072d2d956375c5f0b4209f10fe4586d2d98d.jar C:\Users\Alex\ProgrammingAndroid\Developing_Android_Apps\MarvelHeroes\app\build\intermediates\pre-dexed\debug\gson-2.3.1-7726b220228c234330d63d264fcfb172bb128e2e.jar C:\Users\Alex\ProgrammingAndroid\Developing_Android_Apps\MarvelHeroes\app\build\intermediates\pre-dexed\debug\internal_impl-22.2.1-cc1941ee91582ed88f961041aaf75d130b547f20.jar C:\Users\Alex\ProgrammingAndroid\Developing_Android_Apps\MarvelHeroes\app\build\intermediates\pre-dexed\debug\classes-d71d72bfdf0cd46e3f77bbf8398baedacb9eb8ba.jar C:\Users\Alex\ProgrammingAndroid\Developing_An
java_class_path (initial): D:\Android\android-sdk\build-tools\22.0.1\lib\dx.jar
Launcher Type: SUN_STANDARD

Environment Variables:
JAVA_HOME=C:\Program Files\Java\jdk1.7.0_75
PATH=C:\ProgramData\Oracle\Java\javapath;C:\Users\Alex\algs4\java\bin;C:\Program Files (x86)\Intel\iCLS Client\;C:\Program Files\Intel\iCLS Client\;C:\WINDOWS\system32;C:\WINDOWS;C:\WINDOWS\System32\Wbem;C:\WINDOWS\System32\WindowsPowerShell\v1.0\;C:\Program Files\Intel\Intel(R) Management Engine Components\DAL;C:\Program Files\Intel\Intel(R) Management Engine Components\IPT;C:\Program Files (x86)\Intel\Intel(R) Management Engine Components\DAL;C:\Program Files (x86)\Intel\Intel(R) Management Engine Components\IPT;C:\Program Files (x86)\Intel\OpenCL SDK\2.0\bin\x86;C:\Program Files (x86)\Intel\OpenCL SDK\2.0\bin\x64;C:\Program Files\Microsoft SQL Server\120\Tools\Binn\;C:\Program Files (x86)\Windows Kits\8.1\Windows Performance Toolkit\;C:\FPC\2.6.4\bin\i386-Win32;C:\Program Files (x86)\Skype\Phone\;C:\Program Files (x86)\NVIDIA Corporation\PhysX\Common;C:\Program Files\Google\Cloud SDK\google-cloud-sdk\bin;C:\Program Files (x86)\Windows Live\Shared;C:\Program Files (x86)\Common Files\Acronis\SnapAPI\;D:\Android\android-sdk\platform-tools\;C:\WINDOWS\system32;C:\WINDOWS;C:\WINDOWS\System32\Wbem;C:\WINDOWS\System32\WindowsPowerShell\v1.0\;C:\Program Files\Microsoft SQL Server\110\Tools\Binn\;C:\Program Files (x86)\Microsoft SDKs\TypeScript\1.0\;C:\Thinking in Java\code;C:\Users\Alex\algs4\bin;C:\Users\Alex\algs4\java\bin;C:\FPC\2.6.4\bin\i386-win32;;D:\Android\android-sdk\platform-tools;D:\Android\android-sdk
USERNAME=Àëåêñåé
OS=Windows_NT
PROCESSOR_IDENTIFIER=Intel64 Family 6 Model 58 Stepping 9, GenuineIntel



---------------  S Y S T E M  ---------------

OS: Windows 10.0 , 64 bit Build 10240 (10.0.10240.16384)

CPU:total 4 (2 cores per cpu, 2 threads per core) family 6 model 58 stepping 9, cmov, cx8, fxsr, mmx, sse, sse2, sse3, ssse3, sse4.1, sse4.2, popcnt, avx, aes, clmul, erms, ht, tsc, tscinvbit, tscinv

Memory: 4k page, physical 8251156k(1844464k free), swap 10348308k(2128k free)

vm_info: Java HotSpot(TM) 64-Bit Server VM (25.51-b03) for windows-amd64 JRE (1.8.0_51-b16), built on Jun  8 2015 18:03:07 by "java_re" with MS VC++ 10.0 (VS2010)

time: Wed Aug 05 15:14:40 2015
elapsed time: 0 seconds (0d 0h 0m 0s)

